2015-04-01 19:01:56 - PHP Warning:  move_uploaded_file(/var/www/html/lotteryroot/image/catalog/demo/banners/balls.gif): failed to open stream: Permission denied in /var/www/html/lotteryroot/admin/controller/common/filemanager.php on line 275
2015-04-01 19:01:56 - PHP Warning:  move_uploaded_file(): Unable to move '/tmp/php4XeC3J' to '/var/www/html/lotteryroot/image/catalog/demo/banners/balls.gif' in /var/www/html/lotteryroot/admin/controller/common/filemanager.php on line 275
2015-04-01 19:01:56 - PHP Warning:  move_uploaded_file(/var/www/html/lotteryroot/image/catalog/demo/banners/balls.gif): failed to open stream: Permission denied in /var/www/html/lotteryroot/admin/controller/common/filemanager.php on line 275
2015-04-01 19:01:56 - PHP Warning:  move_uploaded_file(): Unable to move '/tmp/phpjMuRpL' to '/var/www/html/lotteryroot/image/catalog/demo/banners/balls.gif' in /var/www/html/lotteryroot/admin/controller/common/filemanager.php on line 275
2015-04-01 19:02:08 - PHP Warning:  move_uploaded_file(/var/www/html/lotteryroot/image/catalog/demo/banners/balls.gif): failed to open stream: Permission denied in /var/www/html/lotteryroot/admin/controller/common/filemanager.php on line 275
2015-04-01 19:02:08 - PHP Warning:  move_uploaded_file(): Unable to move '/tmp/phpTcCi8f' to '/var/www/html/lotteryroot/image/catalog/demo/banners/balls.gif' in /var/www/html/lotteryroot/admin/controller/common/filemanager.php on line 275
2015-04-01 19:02:08 - PHP Warning:  move_uploaded_file(/var/www/html/lotteryroot/image/catalog/demo/banners/balls.gif): failed to open stream: Permission denied in /var/www/html/lotteryroot/admin/controller/common/filemanager.php on line 275
2015-04-01 19:02:08 - PHP Warning:  move_uploaded_file(): Unable to move '/tmp/phpDezSIh' to '/var/www/html/lotteryroot/image/catalog/demo/banners/balls.gif' in /var/www/html/lotteryroot/admin/controller/common/filemanager.php on line 275
2015-04-01 19:02:11 - PHP Warning:  move_uploaded_file(/var/www/html/lotteryroot/image/catalog/demo/banners/balls.gif): failed to open stream: Permission denied in /var/www/html/lotteryroot/admin/controller/common/filemanager.php on line 275
2015-04-01 19:02:11 - PHP Warning:  move_uploaded_file(): Unable to move '/tmp/phpTubXyp' to '/var/www/html/lotteryroot/image/catalog/demo/banners/balls.gif' in /var/www/html/lotteryroot/admin/controller/common/filemanager.php on line 275
2015-04-01 19:02:12 - PHP Warning:  move_uploaded_file(/var/www/html/lotteryroot/image/catalog/demo/banners/balls.gif): failed to open stream: Permission denied in /var/www/html/lotteryroot/admin/controller/common/filemanager.php on line 275
2015-04-01 19:02:12 - PHP Warning:  move_uploaded_file(): Unable to move '/tmp/phpZxMK8q' to '/var/www/html/lotteryroot/image/catalog/demo/banners/balls.gif' in /var/www/html/lotteryroot/admin/controller/common/filemanager.php on line 275
2015-04-01 19:02:15 - PHP Warning:  move_uploaded_file(/var/www/html/lotteryroot/image/catalog/demo/banners/balls.gif): failed to open stream: Permission denied in /var/www/html/lotteryroot/admin/controller/common/filemanager.php on line 275
2015-04-01 19:02:15 - PHP Warning:  move_uploaded_file(): Unable to move '/tmp/phpwsSJfz' to '/var/www/html/lotteryroot/image/catalog/demo/banners/balls.gif' in /var/www/html/lotteryroot/admin/controller/common/filemanager.php on line 275
2015-04-01 19:02:15 - PHP Warning:  move_uploaded_file(/var/www/html/lotteryroot/image/catalog/demo/banners/balls.gif): failed to open stream: Permission denied in /var/www/html/lotteryroot/admin/controller/common/filemanager.php on line 275
2015-04-01 19:02:15 - PHP Warning:  move_uploaded_file(): Unable to move '/tmp/phpHi4gQA' to '/var/www/html/lotteryroot/image/catalog/demo/banners/balls.gif' in /var/www/html/lotteryroot/admin/controller/common/filemanager.php on line 275
2015-04-01 19:02:16 - PHP Warning:  move_uploaded_file(/var/www/html/lotteryroot/image/catalog/demo/banners/balls.gif): failed to open stream: Permission denied in /var/www/html/lotteryroot/admin/controller/common/filemanager.php on line 275
2015-04-01 19:02:16 - PHP Warning:  move_uploaded_file(): Unable to move '/tmp/phpozDx9y' to '/var/www/html/lotteryroot/image/catalog/demo/banners/balls.gif' in /var/www/html/lotteryroot/admin/controller/common/filemanager.php on line 275
2015-04-01 19:02:20 - PHP Warning:  move_uploaded_file(/var/www/html/lotteryroot/image/catalog/demo/banners/balls.gif): failed to open stream: Permission denied in /var/www/html/lotteryroot/admin/controller/common/filemanager.php on line 275
2015-04-01 19:02:20 - PHP Warning:  move_uploaded_file(): Unable to move '/tmp/phpoAMw1M' to '/var/www/html/lotteryroot/image/catalog/demo/banners/balls.gif' in /var/www/html/lotteryroot/admin/controller/common/filemanager.php on line 275
2015-04-01 19:02:21 - PHP Warning:  move_uploaded_file(/var/www/html/lotteryroot/image/catalog/demo/banners/balls.gif): failed to open stream: Permission denied in /var/www/html/lotteryroot/admin/controller/common/filemanager.php on line 275
2015-04-01 19:02:21 - PHP Warning:  move_uploaded_file(): Unable to move '/tmp/php5TpOX4' to '/var/www/html/lotteryroot/image/catalog/demo/banners/balls.gif' in /var/www/html/lotteryroot/admin/controller/common/filemanager.php on line 275
2015-04-01 19:02:21 - PHP Warning:  move_uploaded_file(/var/www/html/lotteryroot/image/catalog/demo/banners/balls.gif): failed to open stream: Permission denied in /var/www/html/lotteryroot/admin/controller/common/filemanager.php on line 275
2015-04-01 19:02:21 - PHP Warning:  move_uploaded_file(): Unable to move '/tmp/phpOB3WdO' to '/var/www/html/lotteryroot/image/catalog/demo/banners/balls.gif' in /var/www/html/lotteryroot/admin/controller/common/filemanager.php on line 275
2015-04-01 20:16:51 - PHP Warning:  Invalid argument supplied for foreach() in /var/www/html/lotteryroot/admin/controller/module/featured.php on line 124
2015-04-11 21:07:11 - PHP Warning:  Invalid argument supplied for foreach() in /var/www/html/lotteryroot/admin/model/setting/setting.php on line 22
